105.06.17 09:59 B C:\Documents and Settings\eva\Escritorio\HTMLArea\lang\b5.js --> bbs.cofb.net /HTMLArea/lang b5.js
105.06.17 09:59 B C:\Documents and Settings\eva\Escritorio\HTMLArea\lang\cz.js --> bbs.cofb.net /HTMLArea/lang cz.js
105.06.17 09:59 B C:\Documents and Settings\eva\Escritorio\HTMLArea\lang\da.js --> bbs.cofb.net /HTMLArea/lang da.js
105.06.17 09:59 B C:\Documents and Settings\eva\Escritorio\HTMLArea\lang\de.js --> bbs.cofb.net /HTMLArea/lang de.js
105.06.17 09:59 B C:\Documents and Settings\eva\Escritorio\HTMLArea\lang\ee.js --> bbs.cofb.net /HTMLArea/lang ee.js
105.06.17 09:59 B C:\Documents and Settings\eva\Escritorio\HTMLArea\lang\el.js --> bbs.cofb.net /HTMLArea/lang el.js
105.06.17 09:59 B C:\Documents and Settings\eva\Escritorio\HTMLArea\lang\en.js --> bbs.cofb.net /HTMLArea/lang en.js
105.06.17 09:59 B C:\Documents and Settings\eva\Escritorio\HTMLArea\lang\es.js --> bbs.cofb.net /HTMLArea/lang es.js
105.06.17 09:59 B C:\Documents and Settings\eva\Escritorio\HTMLArea\lang\fi.js --> bbs.cofb.net /HTMLArea/lang fi.js
105.06.17 09:59 B C:\Documents and Settings\eva\Escritorio\HTMLArea\lang\fr.js --> bbs.cofb.net /HTMLArea/lang fr.js
105.06.17 09:59 B C:\Documents and Settings\eva\Escritorio\HTMLArea\lang\gb.js --> bbs.cofb.net /HTMLArea/lang gb.js
105.06.17 09:59 B C:\Documents and Settings\eva\Escritorio\HTMLArea\lang\he.js --> bbs.cofb.net /HTMLArea/lang he.js
105.06.17 09:59 B C:\Documents and Settings\eva\Escritorio\HTMLArea\lang\hu.js --> bbs.cofb.net /HTMLArea/lang hu.js
105.06.17 09:59 B C:\Documents and Settings\eva\Escritorio\HTMLArea\lang\it.js --> bbs.cofb.net /HTMLArea/lang it.js
105.06.17 09:59 B C:\Documents and Settings\eva\Escritorio\HTMLArea\lang\ja-euc.js --> bbs.cofb.net /HTMLArea/lang ja-euc.js
105.06.17 09:59 B C:\Documents and Settings\eva\Escritorio\HTMLArea\lang\ja-jis.js --> bbs.cofb.net /HTMLArea/lang ja-jis.js
105.06.17 09:59 B C:\Documents and Settings\eva\Escritorio\HTMLArea\lang\ja-sjis.js --> bbs.cofb.net /HTMLArea/lang ja-sjis.js
105.06.17 09:59 B C:\Documents and Settings\eva\Escritorio\HTMLArea\lang\ja-utf8.js --> bbs.cofb.net /HTMLArea/lang ja-utf8.js
105.06.17 09:59 B C:\Documents and Settings\eva\Escritorio\HTMLArea\lang\lt.js --> bbs.cofb.net /HTMLArea/lang lt.js
105.06.17 09:59 B C:\Documents and Settings\eva\Escritorio\HTMLArea\lang\lv.js --> bbs.cofb.net /HTMLArea/lang lv.js
105.06.17 09:59 B C:\Documents and Settings\eva\Escritorio\HTMLArea\lang\nb.js --> bbs.cofb.net /HTMLArea/lang nb.js
105.06.17 09:59 B C:\Documents and Settings\eva\Escritorio\HTMLArea\lang\nl.js --> bbs.cofb.net /HTMLArea/lang nl.js
105.06.17 09:59 B C:\Documents and Settings\eva\Escritorio\HTMLArea\lang\no.js --> bbs.cofb.net /HTMLArea/lang no.js
105.06.17 09:59 B C:\Documents and Settings\eva\Escritorio\HTMLArea\lang\pl.js --> bbs.cofb.net /HTMLArea/lang pl.js
105.06.17 09:59 B C:\Documents and Settings\eva\Escritorio\HTMLArea\lang\pt_br.js --> bbs.cofb.net /HTMLArea/lang pt_br.js
105.06.17 09:59 B C:\Documents and Settings\eva\Escritorio\HTMLArea\lang\ro.js --> bbs.cofb.net /HTMLArea/lang ro.js
105.06.17 09:59 B C:\Documents and Settings\eva\Escritorio\HTMLArea\lang\ru.js --> bbs.cofb.net /HTMLArea/lang ru.js
105.06.17 09:59 B C:\Documents and Settings\eva\Escritorio\HTMLArea\lang\se.js --> bbs.cofb.net /HTMLArea/lang se.js
105.06.17 09:59 B C:\Documents and Settings\eva\Escritorio\HTMLArea\lang\si.js --> bbs.cofb.net /HTMLArea/lang si.js
105.06.17 09:59 B C:\Documents and Settings\eva\Escritorio\HTMLArea\lang\vn.js --> bbs.cofb.net /HTMLArea/lang vn.js
