105.06.17 09:59 B C:\Documents and Settings\eva\Escritorio\HTMLArea\images\ed_about.gif --> bbs.cofb.net /HTMLArea/images ed_about.gif
105.06.17 09:59 B C:\Documents and Settings\eva\Escritorio\HTMLArea\images\ed_align_center.gif --> bbs.cofb.net /HTMLArea/images ed_align_center.gif
105.06.17 09:59 B C:\Documents and Settings\eva\Escritorio\HTMLArea\images\ed_align_justify.gif --> bbs.cofb.net /HTMLArea/images ed_align_justify.gif
105.06.17 09:59 B C:\Documents and Settings\eva\Escritorio\HTMLArea\images\ed_align_left.gif --> bbs.cofb.net /HTMLArea/images ed_align_left.gif
105.06.17 09:59 B C:\Documents and Settings\eva\Escritorio\HTMLArea\images\ed_align_right.gif --> bbs.cofb.net /HTMLArea/images ed_align_right.gif
105.06.17 09:59 B C:\Documents and Settings\eva\Escritorio\HTMLArea\images\ed_blank.gif --> bbs.cofb.net /HTMLArea/images ed_blank.gif
105.06.17 09:59 B C:\Documents and Settings\eva\Escritorio\HTMLArea\images\ed_charmap.gif --> bbs.cofb.net /HTMLArea/images ed_charmap.gif
105.06.17 09:59 B C:\Documents and Settings\eva\Escritorio\HTMLArea\images\ed_color_bg.gif --> bbs.cofb.net /HTMLArea/images ed_color_bg.gif
105.06.17 09:59 B C:\Documents and Settings\eva\Escritorio\HTMLArea\images\ed_color_fg.gif --> bbs.cofb.net /HTMLArea/images ed_color_fg.gif
105.06.17 09:59 B C:\Documents and Settings\eva\Escritorio\HTMLArea\images\ed_copy.gif --> bbs.cofb.net /HTMLArea/images ed_copy.gif
105.06.17 09:59 B C:\Documents and Settings\eva\Escritorio\HTMLArea\images\ed_custom.gif --> bbs.cofb.net /HTMLArea/images ed_custom.gif
105.06.17 09:59 B C:\Documents and Settings\eva\Escritorio\HTMLArea\images\ed_cut.gif --> bbs.cofb.net /HTMLArea/images ed_cut.gif
105.06.17 09:59 B C:\Documents and Settings\eva\Escritorio\HTMLArea\images\ed_delete.gif --> bbs.cofb.net /HTMLArea/images ed_delete.gif
105.06.17 09:59 B C:\Documents and Settings\eva\Escritorio\HTMLArea\images\ed_format_bold.gif --> bbs.cofb.net /HTMLArea/images ed_format_bold.gif
105.06.17 09:59 B C:\Documents and Settings\eva\Escritorio\HTMLArea\images\ed_format_italic.gif --> bbs.cofb.net /HTMLArea/images ed_format_italic.gif
105.06.17 09:59 B C:\Documents and Settings\eva\Escritorio\HTMLArea\images\ed_format_strike.gif --> bbs.cofb.net /HTMLArea/images ed_format_strike.gif
105.06.17 09:59 B C:\Documents and Settings\eva\Escritorio\HTMLArea\images\ed_format_sub.gif --> bbs.cofb.net /HTMLArea/images ed_format_sub.gif
105.06.17 09:59 B C:\Documents and Settings\eva\Escritorio\HTMLArea\images\ed_format_sup.gif --> bbs.cofb.net /HTMLArea/images ed_format_sup.gif
105.06.17 09:59 B C:\Documents and Settings\eva\Escritorio\HTMLArea\images\ed_format_underline.gif --> bbs.cofb.net /HTMLArea/images ed_format_underline.gif
105.06.17 09:59 B C:\Documents and Settings\eva\Escritorio\HTMLArea\images\ed_help.gif --> bbs.cofb.net /HTMLArea/images ed_help.gif
105.06.17 09:59 B C:\Documents and Settings\eva\Escritorio\HTMLArea\images\ed_hr.gif --> bbs.cofb.net /HTMLArea/images ed_hr.gif
105.06.17 09:59 B C:\Documents and Settings\eva\Escritorio\HTMLArea\images\ed_html.gif --> bbs.cofb.net /HTMLArea/images ed_html.gif
105.06.17 09:59 B C:\Documents and Settings\eva\Escritorio\HTMLArea\images\ed_image.gif --> bbs.cofb.net /HTMLArea/images ed_image.gif
105.06.17 09:59 B C:\Documents and Settings\eva\Escritorio\HTMLArea\images\ed_indent_less.gif --> bbs.cofb.net /HTMLArea/images ed_indent_less.gif
105.06.17 09:59 B C:\Documents and Settings\eva\Escritorio\HTMLArea\images\ed_indent_more.gif --> bbs.cofb.net /HTMLArea/images ed_indent_more.gif
105.06.17 09:59 B C:\Documents and Settings\eva\Escritorio\HTMLArea\images\ed_left_to_right.gif --> bbs.cofb.net /HTMLArea/images ed_left_to_right.gif
105.06.17 09:59 B C:\Documents and Settings\eva\Escritorio\HTMLArea\images\ed_link.gif --> bbs.cofb.net /HTMLArea/images ed_link.gif
105.06.17 09:59 B C:\Documents and Settings\eva\Escritorio\HTMLArea\images\ed_list_bullet.gif --> bbs.cofb.net /HTMLArea/images ed_list_bullet.gif
105.06.17 09:59 B C:\Documents and Settings\eva\Escritorio\HTMLArea\images\ed_list_num.gif --> bbs.cofb.net /HTMLArea/images ed_list_num.gif
105.06.17 09:59 B C:\Documents and Settings\eva\Escritorio\HTMLArea\images\ed_paste.gif --> bbs.cofb.net /HTMLArea/images ed_paste.gif
105.06.17 09:59 B C:\Documents and Settings\eva\Escritorio\HTMLArea\images\ed_redo.gif --> bbs.cofb.net /HTMLArea/images ed_redo.gif
105.06.17 09:59 B C:\Documents and Settings\eva\Escritorio\HTMLArea\images\ed_right_to_left.gif --> bbs.cofb.net /HTMLArea/images ed_right_to_left.gif
105.06.17 09:59 B C:\Documents and Settings\eva\Escritorio\HTMLArea\images\ed_save.gif --> bbs.cofb.net /HTMLArea/images ed_save.gif
105.06.17 09:59 B C:\Documents and Settings\eva\Escritorio\HTMLArea\images\ed_show_border.gif --> bbs.cofb.net /HTMLArea/images ed_show_border.gif
105.06.17 09:59 B C:\Documents and Settings\eva\Escritorio\HTMLArea\images\ed_splitcel.gif --> bbs.cofb.net /HTMLArea/images ed_splitcel.gif
105.06.17 09:59 B C:\Documents and Settings\eva\Escritorio\HTMLArea\images\ed_undo.gif --> bbs.cofb.net /HTMLArea/images ed_undo.gif
105.06.17 09:59 B C:\Documents and Settings\eva\Escritorio\HTMLArea\images\fullscreen_maximize.gif --> bbs.cofb.net /HTMLArea/images fullscreen_maximize.gif
105.06.17 09:59 B C:\Documents and Settings\eva\Escritorio\HTMLArea\images\fullscreen_minimize.gif --> bbs.cofb.net /HTMLArea/images fullscreen_minimize.gif
105.06.17 09:59 B C:\Documents and Settings\eva\Escritorio\HTMLArea\images\insert_table.gif --> bbs.cofb.net /HTMLArea/images insert_table.gif
